<?xml version="1.0" encoding="UTF-8"?>
<!-- Generated by org.testng.reporters.JUnitReportReporter -->
<testsuite hostname="L490" failures="0" tests="1" name="com.turtlemint.ValidatepinCode" time="2.536" errors="0" timestamp="2024-08-25T18:58:29 IST" skipped="0">
  <testcase classname="com.turtlemint.ValidatepinCode" name="validatePinCode" time="2.536"/>
  <system-out/>
</testsuite> <!-- com.turtlemint.ValidatepinCode -->
