<?xml version="1.0" encoding="UTF-8"?>
<!-- Generated by org.testng.reporters.JUnitReportReporter -->
<testsuite hostname="L490" failures="0" tests="1" name="com.turtlemint.CreateRequest" time="4.854" errors="0" timestamp="2024-08-25T18:58:29 IST" skipped="0">
  <testcase classname="com.turtlemint.CreateRequest" name="createRequest" time="4.854"/>
  <system-out/>
</testsuite> <!-- com.turtlemint.CreateRequest -->
